<?xml version="1.0" encoding="UTF-8"?>
<testsuite name="test.WriteOutTest" tests="1" skipped="0" failures="0" errors="0" timestamp="2016-02-17T17:31:12" hostname="Priyas-MacBook-Pro-2.local" time="0.004">
  <properties/>
  <testcase name="writesOutputFromAFile" classname="test.WriteOutTest" time="0.004"/>
  <system-out><![CDATA[]]></system-out>
  <system-err><![CDATA[]]></system-err>
</testsuite>
