<?xml version="1.0" encoding="UTF-8"?>
<testsuite name="test.ReadInTest" tests="2" skipped="0" failures="0" errors="0" timestamp="2016-02-17T17:31:12" hostname="Priyas-MacBook-Pro-2.local" time="0.007">
  <properties/>
  <testcase name="readsHelloHowAreYouToFile" classname="test.ReadInTest" time="0.006"/>
  <testcase name="readsGoodbyeHowAreYouToFile" classname="test.ReadInTest" time="0.0"/>
  <system-out><![CDATA[]]></system-out>
  <system-err><![CDATA[]]></system-err>
</testsuite>
